<?xml version="1.0" encoding="UTF-8"?>
<!-- Generated by org.testng.reporters.JUnitXMLReporter -->
<testsuite ignored="9" hostname="DESKTOP-IV8TLKR" failures="0" tests="1" name="Default test" time="4.854" errors="0" timestamp="2025-08-28T12:01:03 IST">
  <testcase classname="com.orangehrm.tests.LoginOrangeHRM" name="q9" time="1.903"/>
  <testcase classname="com.orangehrm.tests.LoginOrangeHRM" name="question1_google" time="0.0">
    <ignored/>
  </testcase> <!-- question1_google -->
  <testcase classname="com.orangehrm.tests.LoginOrangeHRM" name="verifylogin" time="0.0">
    <ignored/>
  </testcase> <!-- verifylogin -->
  <testcase classname="com.orangehrm.tests.LoginOrangeHRM" name="q2" time="0.0">
    <ignored/>
  </testcase> <!-- q2 -->
  <testcase classname="com.orangehrm.tests.LoginOrangeHRM" name="q3" time="0.0">
    <ignored/>
  </testcase> <!-- q3 -->
  <testcase classname="com.orangehrm.tests.LoginOrangeHRM" name="q4" time="0.0">
    <ignored/>
  </testcase> <!-- q4 -->
  <testcase classname="com.orangehrm.tests.LoginOrangeHRM" name="q5" time="0.0">
    <ignored/>
  </testcase> <!-- q5 -->
  <testcase classname="com.orangehrm.tests.LoginOrangeHRM" name="q6" time="0.0">
    <ignored/>
  </testcase> <!-- q6 -->
  <testcase classname="com.orangehrm.tests.LoginOrangeHRM" name="q7" time="0.0">
    <ignored/>
  </testcase> <!-- q7 -->
  <testcase classname="com.orangehrm.tests.LoginOrangeHRM" name="q8" time="0.0">
    <ignored/>
  </testcase> <!-- q8 -->
</testsuite> <!-- Default test -->
