<?xml version="1.0" encoding="UTF-8"?>
<testng-results ignored="0" total="1" passed="1" failed="0" skipped="0">
  <reporter-output>
  </reporter-output>
  <suite started-at="2025-08-26T18:09:45 IST" name="Suite_jenkin" finished-at="2025-08-26T18:09:57 IST" duration-ms="12256">
    <groups>
    </groups>
    <test started-at="2025-08-26T18:09:45 IST" name="Test_jenkin" finished-at="2025-08-26T18:09:57 IST" duration-ms="12256">
      <class name="jenkins_test.Jenkins_run">
        <test-method signature="f()[pri:0, instance:jenkins_test.Jenkins_run@692f203f]" started-at="2025-08-26T18:09:45 IST" name="f" finished-at="2025-08-26T18:09:57 IST" duration-ms="12173" status="PASS">
          <reporter-output>
          </reporter-output>
        </test-method> <!-- f -->
      </class> <!-- jenkins_test.Jenkins_run -->
    </test> <!-- Test_jenkin -->
  </suite> <!-- Suite_jenkin -->
</testng-results>
