<?xml version="1.0" encoding="UTF-8"?>
<testng-results ignored="9" total="10" passed="1" failed="0" skipped="0">
  <reporter-output>
  </reporter-output>
  <suite started-at="2025-08-28T12:00:58 IST" name="Default suite" finished-at="2025-08-28T12:01:03 IST" duration-ms="4854">
    <groups>
    </groups>
    <test started-at="2025-08-28T12:00:58 IST" name="Default test" finished-at="2025-08-28T12:01:03 IST" duration-ms="4854">
      <class name="com.orangehrm.tests.LoginOrangeHRM">
        <test-method is-config="true" signature="setupreport()[pri:0, instance:com.orangehrm.tests.LoginOrangeHRM@a1cdc6d]" started-at="2025-08-28T12:00:58 IST" name="setupreport" finished-at="2025-08-28T12:00:58 IST" duration-ms="461" status="PASS">
          <reporter-output>
          </reporter-output>
        </test-method> <!-- setupreport -->
        <test-method is-config="true" signature="setup()[pri:0, instance:com.orangehrm.tests.LoginOrangeHRM@a1cdc6d]" started-at="2025-08-28T12:00:59 IST" name="setup" finished-at="2025-08-28T12:01:01 IST" duration-ms="2645" status="PASS">
          <reporter-output>
          </reporter-output>
        </test-method> <!-- setup -->
        <test-method signature="q9()[pri:0, instance:com.orangehrm.tests.LoginOrangeHRM@a1cdc6d]" started-at="2025-08-28T12:01:01 IST" name="q9" finished-at="2025-08-28T12:01:03 IST" duration-ms="1903" status="PASS">
          <reporter-output>
          </reporter-output>
        </test-method> <!-- q9 -->
        <test-method is-config="true" signature="teardown()[pri:0, instance:com.orangehrm.tests.LoginOrangeHRM@a1cdc6d]" started-at="2025-08-28T12:01:03 IST" name="teardown" finished-at="2025-08-28T12:01:03 IST" duration-ms="246" status="PASS">
          <reporter-output>
          </reporter-output>
        </test-method> <!-- teardown -->
        <test-method is-config="true" signature="flushreport()[pri:0, instance:com.orangehrm.tests.LoginOrangeHRM@a1cdc6d]" started-at="2025-08-28T12:01:03 IST" name="flushreport" finished-at="2025-08-28T12:01:04 IST" duration-ms="472" status="PASS">
          <reporter-output>
          </reporter-output>
        </test-method> <!-- flushreport -->
      </class> <!-- com.orangehrm.tests.LoginOrangeHRM -->
    </test> <!-- Default test -->
  </suite> <!-- Default suite -->
</testng-results>
