<?xml version="1.0" encoding="UTF-8"?>
<testng-results ignored="0" total="2" passed="2" failed="0" skipped="0">
  <reporter-output>
  </reporter-output>
  <suite started-at="2025-08-22T17:35:38 IST" name="Default suite" finished-at="2025-08-22T17:35:57 IST" duration-ms="18787">
    <groups>
    </groups>
    <test started-at="2025-08-22T17:35:38 IST" name="Default test" finished-at="2025-08-22T17:35:57 IST" duration-ms="18787">
      <class name="test_ng_tasks.selenium_lab16">
        <test-method is-config="true" signature="beforeSuite()[pri:0, instance:test_ng_tasks.selenium_lab16@8c3b9d]" started-at="2025-08-22T17:35:38 IST" name="beforeSuite" finished-at="2025-08-22T17:35:38 IST" duration-ms="16" status="PASS">
          <reporter-output>
          </reporter-output>
        </test-method> <!-- beforeSuite -->
        <test-method is-config="true" signature="beforeTest()[pri:0, instance:test_ng_tasks.selenium_lab16@8c3b9d]" started-at="2025-08-22T17:35:38 IST" name="beforeTest" finished-at="2025-08-22T17:35:38 IST" duration-ms="3" status="PASS">
          <reporter-output>
          </reporter-output>
        </test-method> <!-- beforeTest -->
        <test-method is-config="true" signature="beforeClass()[pri:0, instance:test_ng_tasks.selenium_lab16@8c3b9d]" started-at="2025-08-22T17:35:38 IST" name="beforeClass" finished-at="2025-08-22T17:35:38 IST" duration-ms="1" status="PASS">
          <reporter-output>
          </reporter-output>
        </test-method> <!-- beforeClass -->
        <test-method is-config="true" signature="beforeMethod()[pri:0, instance:test_ng_tasks.selenium_lab16@8c3b9d]" started-at="2025-08-22T17:35:38 IST" name="beforeMethod" finished-at="2025-08-22T17:35:45 IST" duration-ms="7490" status="PASS">
          <reporter-output>
          </reporter-output>
        </test-method> <!-- beforeMethod -->
        <test-method signature="f(java.lang.String,java.lang.String)[pri:0, instance:test_ng_tasks.selenium_lab16@8c3b9d]" started-at="2025-08-22T17:35:45 IST" name="f" data-provider="dp" finished-at="2025-08-22T17:35:48 IST" duration-ms="2331" status="PASS">
          <params>
            <param index="0">
              <value>
                <![CDATA[Admin]]>
              </value>
            </param>
            <param index="1">
              <value>
                <![CDATA[admin123]]>
              </value>
            </param>
          </params>
          <reporter-output>
          </reporter-output>
        </test-method> <!-- f -->
        <test-method is-config="true" signature="afterMethod()[pri:0, instance:test_ng_tasks.selenium_lab16@8c3b9d]" started-at="2025-08-22T17:35:48 IST" name="afterMethod" finished-at="2025-08-22T17:35:48 IST" duration-ms="250" status="PASS">
          <reporter-output>
          </reporter-output>
        </test-method> <!-- afterMethod -->
        <test-method is-config="true" signature="beforeMethod()[pri:0, instance:test_ng_tasks.selenium_lab16@8c3b9d]" started-at="2025-08-22T17:35:48 IST" name="beforeMethod" finished-at="2025-08-22T17:35:53 IST" duration-ms="5182" status="PASS">
          <reporter-output>
          </reporter-output>
        </test-method> <!-- beforeMethod -->
        <test-method signature="f(java.lang.String,java.lang.String)[pri:0, instance:test_ng_tasks.selenium_lab16@8c3b9d]" started-at="2025-08-22T17:35:53 IST" name="f" data-provider="dp" finished-at="2025-08-22T17:35:56 IST" duration-ms="3212" status="PASS">
          <params>
            <param index="0">
              <value>
                <![CDATA[leena]]>
              </value>
            </param>
            <param index="1">
              <value>
                <![CDATA[admin123]]>
              </value>
            </param>
          </params>
          <reporter-output>
          </reporter-output>
        </test-method> <!-- f -->
        <test-method is-config="true" signature="afterMethod()[pri:0, instance:test_ng_tasks.selenium_lab16@8c3b9d]" started-at="2025-08-22T17:35:56 IST" name="afterMethod" finished-at="2025-08-22T17:35:57 IST" duration-ms="209" status="PASS">
          <reporter-output>
          </reporter-output>
        </test-method> <!-- afterMethod -->
        <test-method is-config="true" signature="afterClass()[pri:0, instance:test_ng_tasks.selenium_lab16@8c3b9d]" started-at="2025-08-22T17:35:57 IST" name="afterClass" finished-at="2025-08-22T17:35:57 IST" duration-ms="1" status="PASS">
          <reporter-output>
          </reporter-output>
        </test-method> <!-- afterClass -->
        <test-method is-config="true" signature="afterTest()[pri:0, instance:test_ng_tasks.selenium_lab16@8c3b9d]" started-at="2025-08-22T17:35:57 IST" name="afterTest" finished-at="2025-08-22T17:35:57 IST" duration-ms="1" status="PASS">
          <reporter-output>
          </reporter-output>
        </test-method> <!-- afterTest -->
        <test-method is-config="true" signature="afterSuite()[pri:0, instance:test_ng_tasks.selenium_lab16@8c3b9d]" started-at="2025-08-22T17:35:57 IST" name="afterSuite" finished-at="2025-08-22T17:35:57 IST" duration-ms="1" status="PASS">
          <reporter-output>
          </reporter-output>
        </test-method> <!-- afterSuite -->
      </class> <!-- test_ng_tasks.selenium_lab16 -->
    </test> <!-- Default test -->
  </suite> <!-- Default suite -->
</testng-results>
